This file contains any messages produced by compilers while
running configure, to aid debugging if configure makes a mistake.

It was created by stochmod configure 1.0, which was
generated by GNU Autoconf 2.69.  Invocation command line was

  $ ./configure 

## --------- ##
## Platform. ##
## --------- ##

hostname = bs-mbp201.d.ethz.ch
uname -m = x86_64
uname -r = 16.7.0
uname -s = Darwin
uname -v = Darwin Kernel Version 16.7.0: Thu Jun 15 17:36:27 PDT 2017; root:xnu-3789.70.16~2/RELEASE_X86_64

/usr/bin/uname -p = i386
/bin/uname -X     = unknown

/bin/arch              = unknown
/usr/bin/arch -k       = unknown
/usr/convex/getsysinfo = unknown
/usr/bin/hostinfo      = Mach kernel version:
	 Darwin Kernel Version 16.7.0: Thu Jun 15 17:36:27 PDT 2017; root:xnu-3789.70.16~2/RELEASE_X86_64
Kernel configured for up to 8 processors.
4 processors are physically available.
8 processors are logically available.
Processor type: i486 (Intel 80486)
Processors active: 0 1 2 3 4 5 6 7
Primary memory available: 16.00 gigabytes
Default processor set: 357 tasks, 2085 threads, 8 processors
Load average: 2.79, Mach factor: 5.20
/bin/machine           = unknown
/usr/bin/oslevel       = unknown
/bin/universe          = unknown

PATH: /usr/bin
PATH: /bin
PATH: /usr/sbin
PATH: /sbin
PATH: /usr/local/bin
PATH: /opt/X11/bin
PATH: /Library/TeX/texbin


## ----------- ##
## Core tests. ##
## ----------- ##

configure:2142: checking build system type
configure:2156: result: x86_64-apple-darwin16.7.0
configure:2176: checking host system type
configure:2189: result: x86_64-apple-darwin16.7.0
configure:2209: checking target system type
configure:2222: result: x86_64-apple-darwin16.7.0
configure:2265: checking for a BSD-compatible install
configure:2333: result: /usr/bin/install -c
configure:2344: checking whether build environment is sane
configure:2399: result: yes
configure:2550: checking for a thread-safe mkdir -p
configure:2589: result: ./install-sh -c -d
configure:2596: checking for gawk
configure:2626: result: no
configure:2596: checking for mawk
configure:2626: result: no
configure:2596: checking for nawk
configure:2626: result: no
configure:2596: checking for awk
configure:2612: found /usr/bin/awk
configure:2623: result: awk
configure:2634: checking whether make sets $(MAKE)
configure:2656: result: yes
configure:2754: checking for style of include used by make
configure:2782: result: GNU
configure:2853: checking for gcc
configure:2869: found /usr/bin/gcc
configure:2880: result: gcc
configure:3109: checking for C compiler version
configure:3118: gcc --version >&5
Apple LLVM version 5.0 (clang-500.2.79) (based on LLVM 3.3svn)
Target: x86_64-apple-darwin16.7.0
Thread model: posix
Configured with: --prefix=/Applications/Xcode.app/Contents/Developer/usr --with-gxx-include-dir=/Applications/Xcode.app/Contents/Developer/Platforms/MacOSX.platform/Developer/SDKs/MacOSX10.9.sdk/usr/include/c++/4.2.1
configure:3129: $? = 0
configure:3118: gcc -v >&5
Configured with: --prefix=/Applications/Xcode.app/Contents/Developer/usr --with-gxx-include-dir=/Applications/Xcode.app/Contents/Developer/Platforms/MacOSX.platform/Developer/SDKs/MacOSX10.9.sdk/usr/include/c++/4.2.1
Apple LLVM version 5.0 (clang-500.2.79) (based on LLVM 3.3svn)
Target: x86_64-apple-darwin16.7.0
Thread model: posix
configure:3129: $? = 0
configure:3118: gcc -V >&5
clang: error: argument to '-V' is missing (expected 1 value)
clang: error: no input files
configure:3129: $? = 1
configure:3118: gcc -qversion >&5
clang: error: no input files
configure:3129: $? = 1
configure:3149: checking whether the C compiler works
configure:3171: gcc    conftest.c  >&5
configure:3175: $? = 0
configure:3223: result: yes
configure:3226: checking for C compiler default output file name
configure:3228: result: a.out
configure:3234: checking for suffix of executables
configure:3241: gcc -o conftest    conftest.c  >&5
configure:3245: $? = 0
configure:3267: result: 
configure:3289: checking whether we are cross compiling
configure:3297: gcc -o conftest    conftest.c  >&5
configure:3301: $? = 0
configure:3308: ./conftest
configure:3312: $? = 0
configure:3327: result: no
configure:3332: checking for suffix of object files
configure:3354: gcc -c   conftest.c >&5
configure:3358: $? = 0
configure:3379: result: o
configure:3383: checking whether we are using the GNU C compiler
configure:3402: gcc -c   conftest.c >&5
configure:3402: $? = 0
configure:3411: result: yes
configure:3420: checking whether gcc accepts -g
configure:3440: gcc -c -g  conftest.c >&5
configure:3440: $? = 0
configure:3481: result: yes
configure:3498: checking for gcc option to accept ISO C89
configure:3561: gcc  -c -g -O2  conftest.c >&5
configure:3561: $? = 0
configure:3574: result: none needed
configure:3596: checking dependency style of gcc
configure:3707: result: gcc3
configure:3772: checking for ar
configure:3788: found /usr/bin/ar
configure:3799: result: ar
configure:3825: checking the archiver (ar) interface
configure:3835: gcc -c -g -O2  conftest.c >&5
configure:3835: $? = 0
configure:3837: ar cru libconftest.a conftest.o >&5
configure:3840: $? = 0
configure:3863: result: ar
configure:3887: checking for gcc option to accept ISO C99
configure:4036: gcc  -c -g -O2  conftest.c >&5
configure:4036: $? = 0
configure:4049: result: none needed
configure:4112: checking how to print strings
configure:4139: result: printf
configure:4160: checking for a sed that does not truncate output
configure:4224: result: /usr/bin/sed
configure:4242: checking for grep that handles long lines and -e
configure:4300: result: /usr/bin/grep
configure:4305: checking for egrep
configure:4367: result: /usr/bin/grep -E
configure:4372: checking for fgrep
configure:4434: result: /usr/bin/grep -F
configure:4469: checking for ld used by gcc
configure:4536: result: /Applications/Xcode.app/Contents/Developer/Toolchains/XcodeDefault.xctoolchain/usr/bin/ld
configure:4543: checking if the linker (/Applications/Xcode.app/Contents/Developer/Toolchains/XcodeDefault.xctoolchain/usr/bin/ld) is GNU ld
configure:4558: result: no
configure:4570: checking for BSD- or MS-compatible name lister (nm)
configure:4619: result: /usr/bin/nm
configure:4749: checking the name lister (/usr/bin/nm) interface
configure:4756: gcc -c -g -O2  conftest.c >&5
configure:4759: /usr/bin/nm "conftest.o"
configure:4762: output
0000000000000218 S _some_variable
configure:4769: result: BSD nm
configure:4772: checking whether ln -s works
configure:4776: result: yes
configure:4784: checking the maximum length of command line arguments
configure:4909: result: 196608
configure:4926: checking whether the shell understands some XSI constructs
configure:4936: result: yes
configure:4940: checking whether the shell understands "+="
configure:4946: result: yes
configure:4981: checking how to convert x86_64-apple-darwin16.7.0 file names to x86_64-apple-darwin16.7.0 format
configure:5021: result: func_convert_file_noop
configure:5028: checking how to convert x86_64-apple-darwin16.7.0 file names to toolchain format
configure:5048: result: func_convert_file_noop
configure:5055: checking for /Applications/Xcode.app/Contents/Developer/Toolchains/XcodeDefault.xctoolchain/usr/bin/ld option to reload object files
configure:5062: result: -r
configure:5136: checking for objdump
configure:5152: found /usr/bin/objdump
configure:5163: result: objdump
configure:5195: checking how to recognize dependent libraries
configure:5397: result: pass_all
configure:5482: checking for dlltool
configure:5512: result: no
configure:5542: checking how to associate runtime and link libraries
configure:5569: result: printf %s\n
configure:5693: checking for archiver @FILE support
configure:5710: gcc -c -g -O2  conftest.c >&5
configure:5710: $? = 0
configure:5713: ar cru libconftest.a @conftest.lst >&5
ar: @conftest.lst: No such file or directory
configure:5716: $? = 1
configure:5736: result: no
configure:5794: checking for strip
configure:5810: found /usr/bin/strip
configure:5821: result: strip
configure:5893: checking for ranlib
configure:5909: found /usr/bin/ranlib
configure:5920: result: ranlib
configure:6022: checking command to parse /usr/bin/nm output from gcc object
configure:6141: gcc -c -g -O2  conftest.c >&5
configure:6144: $? = 0
configure:6148: /usr/bin/nm conftest.o \| sed -n -e 's/^.*[ ]\([BCDEGRST][BCDEGRST]*\)[ ][ ]*\([_A-Za-z][_A-Za-z0-9]*\)$/\1 \2 \2/p' | sed '/ __gnu_lto/d' \> conftest.nm
configure:6151: $? = 0
cannot find nm_test_var in conftest.nm
configure:6141: gcc -c -g -O2  conftest.c >&5
configure:6144: $? = 0
configure:6148: /usr/bin/nm conftest.o \| sed -n -e 's/^.*[ ]\([BCDEGRST][BCDEGRST]*\)[ ][ ]*_\([_A-Za-z][_A-Za-z0-9]*\)$/\1 _\2 \2/p' | sed '/ __gnu_lto/d' \> conftest.nm
configure:6151: $? = 0
configure:6217: gcc -o conftest -g -O2   conftest.c conftstm.o >&5
configure:6220: $? = 0
configure:6258: result: ok
configure:6295: checking for sysroot
configure:6325: result: no
configure:6568: checking for mt
configure:6598: result: no
configure:6618: checking if : is a manifest tool
configure:6624: : '-?'
configure:6632: result: no
configure:6688: checking for dsymutil
configure:6704: found /usr/bin/dsymutil
configure:6715: result: dsymutil
configure:6780: checking for nmedit
configure:6796: found /usr/bin/nmedit
configure:6807: result: nmedit
configure:6872: checking for lipo
configure:6888: found /usr/bin/lipo
configure:6899: result: lipo
configure:6964: checking for otool
configure:6980: found /usr/bin/otool
configure:6991: result: otool
configure:7056: checking for otool64
configure:7086: result: no
configure:7131: checking for -single_module linker flag
gcc -g -O2  -o libconftest.dylib -dynamiclib -Wl,-single_module conftest.c
configure:7158: result: yes
configure:7160: checking for -exported_symbols_list linker flag
configure:7180: gcc -o conftest -g -O2   -Wl,-exported_symbols_list,conftest.sym conftest.c  >&5
configure:7180: $? = 0
configure:7190: result: yes
configure:7192: checking for -force_load linker flag
gcc -g -O2 -c -o conftest.o conftest.c
ar cru libconftest.a conftest.o
ranlib libconftest.a
gcc -g -O2  -o conftest conftest.c -Wl,-force_load,./libconftest.a
configure:7222: result: yes
configure:7264: checking how to run the C preprocessor
configure:7295: gcc -E  conftest.c
configure:7295: $? = 0
configure:7309: gcc -E  conftest.c
conftest.c:11:10: fatal error: 'ac_nonexistent.h' file not found
#include <ac_nonexistent.h>
         ^
1 error generated.
configure:7309: $? = 1
configure: failed program was:
| /* confdefs.h */
| #define PACKAGE_NAME "stochmod"
| #define PACKAGE_TARNAME "stochmod"
| #define PACKAGE_VERSION "1.0"
| #define PACKAGE_STRING "stochmod 1.0"
| #define PACKAGE_BUGREPORT ""
| #define PACKAGE_URL ""
| #define PACKAGE "stochmod"
| #define VERSION "1.0"
| /* end confdefs.h.  */
| #include <ac_nonexistent.h>
configure:7334: result: gcc -E
configure:7354: gcc -E  conftest.c
configure:7354: $? = 0
configure:7368: gcc -E  conftest.c
conftest.c:11:10: fatal error: 'ac_nonexistent.h' file not found
#include <ac_nonexistent.h>
         ^
1 error generated.
configure:7368: $? = 1
configure: failed program was:
| /* confdefs.h */
| #define PACKAGE_NAME "stochmod"
| #define PACKAGE_TARNAME "stochmod"
| #define PACKAGE_VERSION "1.0"
| #define PACKAGE_STRING "stochmod 1.0"
| #define PACKAGE_BUGREPORT ""
| #define PACKAGE_URL ""
| #define PACKAGE "stochmod"
| #define VERSION "1.0"
| /* end confdefs.h.  */
| #include <ac_nonexistent.h>
configure:7397: checking for ANSI C header files
configure:7417: gcc -c -g -O2  conftest.c >&5
configure:7417: $? = 0
configure:7490: gcc -o conftest -g -O2   conftest.c  >&5
configure:7490: $? = 0
configure:7490: ./conftest
configure:7490: $? = 0
configure:7501: result: yes
configure:7514: checking for sys/types.h
configure:7514: gcc -c -g -O2  conftest.c >&5
configure:7514: $? = 0
configure:7514: result: yes
configure:7514: checking for sys/stat.h
configure:7514: gcc -c -g -O2  conftest.c >&5
configure:7514: $? = 0
configure:7514: result: yes
configure:7514: checking for stdlib.h
configure:7514: gcc -c -g -O2  conftest.c >&5
configure:7514: $? = 0
configure:7514: result: yes
configure:7514: checking for string.h
configure:7514: gcc -c -g -O2  conftest.c >&5
configure:7514: $? = 0
configure:7514: result: yes
configure:7514: checking for memory.h
configure:7514: gcc -c -g -O2  conftest.c >&5
configure:7514: $? = 0
configure:7514: result: yes
configure:7514: checking for strings.h
configure:7514: gcc -c -g -O2  conftest.c >&5
configure:7514: $? = 0
configure:7514: result: yes
configure:7514: checking for inttypes.h
configure:7514: gcc -c -g -O2  conftest.c >&5
configure:7514: $? = 0
configure:7514: result: yes
configure:7514: checking for stdint.h
configure:7514: gcc -c -g -O2  conftest.c >&5
configure:7514: $? = 0
configure:7514: result: yes
configure:7514: checking for unistd.h
configure:7514: gcc -c -g -O2  conftest.c >&5
configure:7514: $? = 0
configure:7514: result: yes
configure:7528: checking for dlfcn.h
configure:7528: gcc -c -g -O2  conftest.c >&5
configure:7528: $? = 0
configure:7528: result: yes
configure:7715: checking for objdir
configure:7730: result: .libs
configure:8001: checking if gcc supports -fno-rtti -fno-exceptions
configure:8019: gcc -c -g -O2  -fno-rtti -fno-exceptions conftest.c >&5
configure:8023: $? = 0
configure:8036: result: yes
configure:8346: checking for gcc option to produce PIC
configure:8353: result: -fno-common -DPIC
configure:8361: checking if gcc PIC flag -fno-common -DPIC works
configure:8379: gcc -c -g -O2  -fno-common -DPIC -DPIC conftest.c >&5
configure:8383: $? = 0
configure:8396: result: yes
configure:8425: checking if gcc static flag -static works
configure:8453: result: no
configure:8468: checking if gcc supports -c -o file.o
configure:8489: gcc -c -g -O2  -o out/conftest2.o conftest.c >&5
configure:8493: $? = 0
configure:8515: result: yes
configure:8523: checking if gcc supports -c -o file.o
configure:8570: result: yes
configure:8603: checking whether the gcc linker (/Applications/Xcode.app/Contents/Developer/Toolchains/XcodeDefault.xctoolchain/usr/bin/ld) supports shared libraries
configure:9761: result: yes
configure:10006: checking dynamic linker characteristics
configure:10742: result: darwin16.7.0 dyld
configure:10849: checking how to hardcode library paths into programs
configure:10874: result: immediate
configure:11414: checking whether stripping libraries is possible
configure:11428: result: yes
configure:11454: checking if libtool supports shared libraries
configure:11456: result: yes
configure:11459: checking whether to build shared libraries
configure:11480: result: yes
configure:11483: checking whether to build static libraries
configure:11487: result: yes
configure:11524: checking for cos in -lm
configure:11549: gcc -o conftest -g -O2   conftest.c -lm   >&5
conftest.c:30:6: warning: incompatible redeclaration of library function 'cos' [-Wincompatible-library-redeclaration]
char cos ();
     ^
conftest.c:30:6: note: 'cos' is a builtin with type 'double (double)'
1 warning generated.
configure:11549: $? = 0
configure:11558: result: yes
configure:11569: checking for cblas_dgemm in -lgslcblas
configure:11594: gcc -o conftest -g -O2   conftest.c -lgslcblas  -lm  >&5
ld: library not found for -lgslcblas
clang: error: linker command failed with exit code 1 (use -v to see invocation)
configure:11594: $? = 1
configure: failed program was:
| /* confdefs.h */
| #define PACKAGE_NAME "stochmod"
| #define PACKAGE_TARNAME "stochmod"
| #define PACKAGE_VERSION "1.0"
| #define PACKAGE_STRING "stochmod 1.0"
| #define PACKAGE_BUGREPORT ""
| #define PACKAGE_URL ""
| #define PACKAGE "stochmod"
| #define VERSION "1.0"
| #define STDC_HEADERS 1
| #define HAVE_SYS_TYPES_H 1
| #define HAVE_SYS_STAT_H 1
| #define HAVE_STDLIB_H 1
| #define HAVE_STRING_H 1
| #define HAVE_MEMORY_H 1
| #define HAVE_STRINGS_H 1
| #define HAVE_INTTYPES_H 1
| #define HAVE_STDINT_H 1
| #define HAVE_UNISTD_H 1
| #define HAVE_DLFCN_H 1
| #define LT_OBJDIR ".libs/"
| #define HAVE_LIBM 1
| /* end confdefs.h.  */
| 
| /* Override any GCC internal prototype to avoid an error.
|    Use char because int might match the return type of a GCC
|    builtin and then its argument prototype would still apply.  */
| #ifdef __cplusplus
| extern "C"
| #endif
| char cblas_dgemm ();
| int
| main ()
| {
| return cblas_dgemm ();
|   ;
|   return 0;
| }
configure:11603: result: no
configure:11614: checking for gsl_blas_dgemm in -lgsl
configure:11639: gcc -o conftest -g -O2   conftest.c -lgsl  -lm  >&5
ld: library not found for -lgsl
clang: error: linker command failed with exit code 1 (use -v to see invocation)
configure:11639: $? = 1
configure: failed program was:
| /* confdefs.h */
| #define PACKAGE_NAME "stochmod"
| #define PACKAGE_TARNAME "stochmod"
| #define PACKAGE_VERSION "1.0"
| #define PACKAGE_STRING "stochmod 1.0"
| #define PACKAGE_BUGREPORT ""
| #define PACKAGE_URL ""
| #define PACKAGE "stochmod"
| #define VERSION "1.0"
| #define STDC_HEADERS 1
| #define HAVE_SYS_TYPES_H 1
| #define HAVE_SYS_STAT_H 1
| #define HAVE_STDLIB_H 1
| #define HAVE_STRING_H 1
| #define HAVE_MEMORY_H 1
| #define HAVE_STRINGS_H 1
| #define HAVE_INTTYPES_H 1
| #define HAVE_STDINT_H 1
| #define HAVE_UNISTD_H 1
| #define HAVE_DLFCN_H 1
| #define LT_OBJDIR ".libs/"
| #define HAVE_LIBM 1
| /* end confdefs.h.  */
| 
| /* Override any GCC internal prototype to avoid an error.
|    Use char because int might match the return type of a GCC
|    builtin and then its argument prototype would still apply.  */
| #ifdef __cplusplus
| extern "C"
| #endif
| char gsl_blas_dgemm ();
| int
| main ()
| {
| return gsl_blas_dgemm ();
|   ;
|   return 0;
| }
configure:11648: result: no
configure:11775: checking that generated files are newer than configure
configure:11781: result: done
configure:11804: creating ./config.status

## ---------------------- ##
## Running config.status. ##
## ---------------------- ##

This file was extended by stochmod config.status 1.0, which was
generated by GNU Autoconf 2.69.  Invocation command line was

  CONFIG_FILES    = 
  CONFIG_HEADERS  = 
  CONFIG_LINKS    = 
  CONFIG_COMMANDS = 
  $ ./config.status 

on bs-mbp201.d.ethz.ch

config.status:1079: creating Makefile
config.status:1079: creating src/Makefile
config.status:1079: creating config.h
config.status:1308: executing depfiles commands
config.status:1308: executing libtool commands

## ---------------- ##
## Cache variables. ##
## ---------------- ##

ac_cv_build=x86_64-apple-darwin16.7.0
ac_cv_c_compiler_gnu=yes
ac_cv_env_CC_set=
ac_cv_env_CC_value=
ac_cv_env_CFLAGS_set=
ac_cv_env_CFLAGS_value=
ac_cv_env_CPPFLAGS_set=
ac_cv_env_CPPFLAGS_value=
ac_cv_env_CPP_set=
ac_cv_env_CPP_value=
ac_cv_env_LDFLAGS_set=
ac_cv_env_LDFLAGS_value=
ac_cv_env_LIBS_set=
ac_cv_env_LIBS_value=
ac_cv_env_build_alias_set=
ac_cv_env_build_alias_value=
ac_cv_env_host_alias_set=
ac_cv_env_host_alias_value=
ac_cv_env_target_alias_set=
ac_cv_env_target_alias_value=
ac_cv_header_dlfcn_h=yes
ac_cv_header_inttypes_h=yes
ac_cv_header_memory_h=yes
ac_cv_header_stdc=yes
ac_cv_header_stdint_h=yes
ac_cv_header_stdlib_h=yes
ac_cv_header_string_h=yes
ac_cv_header_strings_h=yes
ac_cv_header_sys_stat_h=yes
ac_cv_header_sys_types_h=yes
ac_cv_header_unistd_h=yes
ac_cv_host=x86_64-apple-darwin16.7.0
ac_cv_lib_gsl_gsl_blas_dgemm=no
ac_cv_lib_gslcblas_cblas_dgemm=no
ac_cv_lib_m_cos=yes
ac_cv_objext=o
ac_cv_path_EGREP='/usr/bin/grep -E'
ac_cv_path_FGREP='/usr/bin/grep -F'
ac_cv_path_GREP=/usr/bin/grep
ac_cv_path_SED=/usr/bin/sed
ac_cv_path_install='/usr/bin/install -c'
ac_cv_prog_AWK=awk
ac_cv_prog_CPP='gcc -E'
ac_cv_prog_ac_ct_AR=ar
ac_cv_prog_ac_ct_CC=gcc
ac_cv_prog_ac_ct_DSYMUTIL=dsymutil
ac_cv_prog_ac_ct_LIPO=lipo
ac_cv_prog_ac_ct_NMEDIT=nmedit
ac_cv_prog_ac_ct_OBJDUMP=objdump
ac_cv_prog_ac_ct_OTOOL=otool
ac_cv_prog_ac_ct_RANLIB=ranlib
ac_cv_prog_ac_ct_STRIP=strip
ac_cv_prog_cc_c89=
ac_cv_prog_cc_c99=
ac_cv_prog_cc_g=yes
ac_cv_prog_make_make_set=yes
ac_cv_target=x86_64-apple-darwin16.7.0
am_cv_CC_dependencies_compiler_type=gcc3
am_cv_ar_interface=ar
lt_cv_apple_cc_single_mod=yes
lt_cv_ar_at_file=no
lt_cv_deplibs_check_method=pass_all
lt_cv_file_magic_cmd='$MAGIC_CMD'
lt_cv_file_magic_test_file=
lt_cv_ld_exported_symbols_list=yes
lt_cv_ld_force_load=yes
lt_cv_ld_reload_flag=-r
lt_cv_nm_interface='BSD nm'
lt_cv_objdir=.libs
lt_cv_path_LD=/Applications/Xcode.app/Contents/Developer/Toolchains/XcodeDefault.xctoolchain/usr/bin/ld
lt_cv_path_NM=/usr/bin/nm
lt_cv_path_mainfest_tool=no
lt_cv_prog_compiler_c_o=yes
lt_cv_prog_compiler_pic='-fno-common -DPIC'
lt_cv_prog_compiler_pic_works=yes
lt_cv_prog_compiler_rtti_exceptions=yes
lt_cv_prog_compiler_static_works=no
lt_cv_prog_gnu_ld=no
lt_cv_sharedlib_from_linklib_cmd='printf %s\n'
lt_cv_sys_global_symbol_pipe='sed -n -e '\''s/^.*[	 ]\([BCDEGRST][BCDEGRST]*\)[	 ][	 ]*_\([_A-Za-z][_A-Za-z0-9]*\)$/\1 _\2 \2/p'\'' | sed '\''/ __gnu_lto/d'\'''
lt_cv_sys_global_symbol_to_c_name_address='sed -n -e '\''s/^: \([^ ]*\)[ ]*$/  {\"\1\", (void *) 0},/p'\'' -e '\''s/^[BCDEGRST]* \([^ ]*\) \([^ ]*\)$/  {"\2", (void *) \&\2},/p'\'''
lt_cv_sys_global_symbol_to_c_name_address_lib_prefix='sed -n -e '\''s/^: \([^ ]*\)[ ]*$/  {\"\1\", (void *) 0},/p'\'' -e '\''s/^[BCDEGRST]* \([^ ]*\) \(lib[^ ]*\)$/  {"\2", (void *) \&\2},/p'\'' -e '\''s/^[BCDEGRST]* \([^ ]*\) \([^ ]*\)$/  {"lib\2", (void *) \&\2},/p'\'''
lt_cv_sys_global_symbol_to_cdecl='sed -n -e '\''s/^T .* \(.*\)$/extern int \1();/p'\'' -e '\''s/^[BCDEGRST]* .* \(.*\)$/extern char \1;/p'\'''
lt_cv_sys_max_cmd_len=196608
lt_cv_to_host_file_cmd=func_convert_file_noop
lt_cv_to_tool_file_cmd=func_convert_file_noop

## ----------------- ##
## Output variables. ##
## ----------------- ##

ACLOCAL='${SHELL} /Users/lillaccg/Dropbox/Development/libStochMod/missing --run aclocal-1.12'
AMDEPBACKSLASH='\'
AMDEP_FALSE='#'
AMDEP_TRUE=''
AMTAR='$${TAR-tar}'
AR='ar'
AUTOCONF='${SHELL} /Users/lillaccg/Dropbox/Development/libStochMod/missing --run autoconf'
AUTOHEADER='${SHELL} /Users/lillaccg/Dropbox/Development/libStochMod/missing --run autoheader'
AUTOMAKE='${SHELL} /Users/lillaccg/Dropbox/Development/libStochMod/missing --run automake-1.12'
AWK='awk'
CC='gcc'
CCDEPMODE='depmode=gcc3'
CFLAGS='-g -O2'
CPP='gcc -E'
CPPFLAGS=''
CYGPATH_W='echo'
DEFS='-DHAVE_CONFIG_H'
DEPDIR='.deps'
DLLTOOL='false'
DSYMUTIL='dsymutil'
DUMPBIN=''
ECHO_C='\c'
ECHO_N=''
ECHO_T=''
EGREP='/usr/bin/grep -E'
EXEEXT=''
FGREP='/usr/bin/grep -F'
GREP='/usr/bin/grep'
INSTALL_DATA='${INSTALL} -m 644'
INSTALL_PROGRAM='${INSTALL}'
INSTALL_SCRIPT='${INSTALL}'
INSTALL_STRIP_PROGRAM='$(install_sh) -c -s'
LD='/Applications/Xcode.app/Contents/Developer/Toolchains/XcodeDefault.xctoolchain/usr/bin/ld'
LDFLAGS=''
LIBOBJS=''
LIBS='-lm '
LIBTOOL='$(SHELL) $(top_builddir)/libtool'
LIPO='lipo'
LN_S='ln -s'
LTLIBOBJS=''
MAKEINFO='${SHELL} /Users/lillaccg/Dropbox/Development/libStochMod/missing --run makeinfo'
MANIFEST_TOOL=':'
MKDIR_P='./install-sh -c -d'
NM='/usr/bin/nm'
NMEDIT='nmedit'
OBJDUMP='objdump'
OBJEXT='o'
OTOOL64=':'
OTOOL='otool'
PACKAGE='stochmod'
PACKAGE_BUGREPORT=''
PACKAGE_NAME='stochmod'
PACKAGE_STRING='stochmod 1.0'
PACKAGE_TARNAME='stochmod'
PACKAGE_URL=''
PACKAGE_VERSION='1.0'
PATH_SEPARATOR=':'
RANLIB='ranlib'
SED='/usr/bin/sed'
SET_MAKE=''
SHELL='/bin/sh'
STRIP='strip'
VERSION='1.0'
ac_ct_AR='ar'
ac_ct_CC='gcc'
ac_ct_DUMPBIN=''
am__EXEEXT_FALSE=''
am__EXEEXT_TRUE='#'
am__fastdepCC_FALSE='#'
am__fastdepCC_TRUE=''
am__include='include'
am__isrc=''
am__leading_dot='.'
am__nodep='_no'
am__quote=''
am__tar='$${TAR-tar} chof - "$$tardir"'
am__untar='$${TAR-tar} xf -'
bindir='${exec_prefix}/bin'
build='x86_64-apple-darwin16.7.0'
build_alias=''
build_cpu='x86_64'
build_os='darwin16.7.0'
build_vendor='apple'
datadir='${datarootdir}'
datarootdir='${prefix}/share'
docdir='${datarootdir}/doc/${PACKAGE_TARNAME}'
dvidir='${docdir}'
exec_prefix='${prefix}'
host='x86_64-apple-darwin16.7.0'
host_alias=''
host_cpu='x86_64'
host_os='darwin16.7.0'
host_vendor='apple'
htmldir='${docdir}'
includedir='${prefix}/include'
infodir='${datarootdir}/info'
install_sh='${SHELL} /Users/lillaccg/Dropbox/Development/libStochMod/install-sh'
libdir='${exec_prefix}/lib'
libexecdir='${exec_prefix}/libexec'
localedir='${datarootdir}/locale'
localstatedir='${prefix}/var'
mandir='${datarootdir}/man'
mkdir_p='$(MKDIR_P)'
oldincludedir='/usr/include'
pdfdir='${docdir}'
prefix='/usr/local'
program_transform_name='s,x,x,'
psdir='${docdir}'
sbindir='${exec_prefix}/sbin'
sharedstatedir='${prefix}/com'
sysconfdir='${prefix}/etc'
target='x86_64-apple-darwin16.7.0'
target_alias=''
target_cpu='x86_64'
target_os='darwin16.7.0'
target_vendor='apple'

## ----------- ##
## confdefs.h. ##
## ----------- ##

/* confdefs.h */
#define PACKAGE_NAME "stochmod"
#define PACKAGE_TARNAME "stochmod"
#define PACKAGE_VERSION "1.0"
#define PACKAGE_STRING "stochmod 1.0"
#define PACKAGE_BUGREPORT ""
#define PACKAGE_URL ""
#define PACKAGE "stochmod"
#define VERSION "1.0"
#define STDC_HEADERS 1
#define HAVE_SYS_TYPES_H 1
#define HAVE_SYS_STAT_H 1
#define HAVE_STDLIB_H 1
#define HAVE_STRING_H 1
#define HAVE_MEMORY_H 1
#define HAVE_STRINGS_H 1
#define HAVE_INTTYPES_H 1
#define HAVE_STDINT_H 1
#define HAVE_UNISTD_H 1
#define HAVE_DLFCN_H 1
#define LT_OBJDIR ".libs/"
#define HAVE_LIBM 1

configure: exit 0
